****************************************
Report : timing
	-path_type full
	-delay_type max
	-input_pins
	-nets
	-max_paths 1
	-transition_time
	-capacitance
	-sort_by slack
Design : topmodule
Version: J-2014.12-SP3
Date   : Mon Dec 19 21:53:53 2016
****************************************

Warning: There is 1 invalid end point for constrained paths. (UITE-416)

  Startpoint: c/count_reg[6]
               (rising edge-triggered flip-flop clocked by ideal_clock1)
  Endpoint: comparator1/tempPEout_reg[41]
               (rising edge-triggered flip-flop clocked by ideal_clock1)
  Path Group: ideal_clock1
  Path Type: max

  Point                       Fanout    Cap      Trans       Incr       Path
  -----------------------------------------------------------------------------
  clock ideal_clock1 (rise edge)                  0.00       0.00       0.00
  clock network delay (ideal)                                0.00       0.00
  c/count_reg[6]/CLK (DFFX1_HVT)                  0.00       0.00       0.00 r
  c/count_reg[6]/Q (DFFX1_HVT)                    0.07       0.10 +     0.10 f
  c/AddressR[6] (net)            7    11.20 
  c/rem_49_I16/U16/A2 (AND2X1_HVT)                0.07       0.00 +     0.10 f
  c/rem_49_I16/U16/Y (AND2X1_HVT)                 0.03       0.04 +     0.15 f
  c/rem_49_I16/u_div/CryTmp[5][2] (net)
                                 2     2.54 
  c/rem_49_I16/U28/A1 (AND2X1_HVT)                0.03       0.00 +     0.15 f
  c/rem_49_I16/U28/Y (AND2X1_HVT)                 0.03       0.03 +     0.18 f
  c/rem_49_I16/u_div/CryTmp[5][3] (net)
                                 2     2.06 
  c/rem_49_I16/U40/A1 (AND2X1_HVT)                0.03       0.00 +     0.18 f
  c/rem_49_I16/U40/Y (AND2X1_HVT)                 0.03       0.03 +     0.20 f
  c/rem_49_I16/u_div/CryTmp[5][4] (net)
                                 2     2.03 
  c/rem_49_I16/U52/A1 (AND2X1_HVT)                0.03       0.00 +     0.20 f
  c/rem_49_I16/U52/Y (AND2X1_HVT)                 0.03       0.03 +     0.23 f
  c/rem_49_I16/u_div/CryTmp[5][5] (net)
                                 2     2.08 
  c/rem_49_I16/U64/A1 (AND2X1_HVT)                0.03       0.00 +     0.23 f
  c/rem_49_I16/U64/Y (AND2X1_HVT)                 0.03       0.03 +     0.26 f
  c/rem_49_I16/u_div/CryTmp[5][6] (net)
                                 2     2.02 
  c/rem_49_I16/U76/A1 (AND2X1_HVT)                0.03       0.00 +     0.26 f
  c/rem_49_I16/U76/Y (AND2X1_HVT)                 0.03       0.03 +     0.30 f
  c/rem_49_I16/u_div/CryTmp[5][7] (net)
                                 2     2.09 
  c/rem_49_I16/U84/A1 (AND2X1_HVT)                0.03       0.00 +     0.30 f
  c/rem_49_I16/U84/Y (AND2X1_HVT)                 0.07       0.06 +     0.36 f
  c/rem_49_I16/u_div/CryTmp[5][8] (net)
                                 8    11.41 
  c/rem_49_I16/U118/A2 (XOR2X1_HVT)               0.07       0.00 +     0.36 f
  c/rem_49_I16/U118/Y (XOR2X1_HVT)                0.03       0.06 +     0.42 f
  c/rem_49_I16/u_div/PartRem[5][1] (net)
                                 3     2.53 
  c/rem_49_I16/U14/A2 (AND2X1_HVT)                0.03       0.00 +     0.42 f
  c/rem_49_I16/U14/Y (AND2X1_HVT)                 0.03       0.03 +     0.45 f
  c/rem_49_I16/u_div/CryTmp[4][2] (net)
                                 2     1.96 
  c/rem_49_I16/U26/A1 (AND2X1_HVT)                0.03       0.00 +     0.45 f
  c/rem_49_I16/U26/Y (AND2X1_HVT)                 0.02       0.03 +     0.48 f
  c/rem_49_I16/u_div/CryTmp[4][3] (net)
                                 2     1.93 
  c/rem_49_I16/U38/A1 (AND2X1_HVT)                0.02       0.00 +     0.48 f
  c/rem_49_I16/U38/Y (AND2X1_HVT)                 0.02       0.03 +     0.50 f
  c/rem_49_I16/u_div/CryTmp[4][4] (net)
                                 2     1.94 
  c/rem_49_I16/U50/A1 (AND2X1_HVT)                0.02       0.00 +     0.50 f
  c/rem_49_I16/U50/Y (AND2X1_HVT)                 0.02       0.03 +     0.53 f
  c/rem_49_I16/u_div/CryTmp[4][5] (net)
                                 2     1.96 
  c/rem_49_I16/U62/A1 (AND2X1_HVT)                0.02       0.00 +     0.53 f
  c/rem_49_I16/U62/Y (AND2X1_HVT)                 0.02       0.03 +     0.56 f
  c/rem_49_I16/u_div/CryTmp[4][6] (net)
                                 2     2.13 
  c/rem_49_I16/U74/A1 (AND2X1_HVT)                0.02       0.00 +     0.56 f
  c/rem_49_I16/U74/Y (AND2X1_HVT)                 0.02       0.03 +     0.59 f
  c/rem_49_I16/u_div/CryTmp[4][7] (net)
                                 2     1.95 
  c/rem_49_I16/U82/A1 (AND2X1_HVT)                0.02       0.00 +     0.59 f
  c/rem_49_I16/U82/Y (AND2X1_HVT)                 0.02       0.02 +     0.61 f
  c/rem_49_I16/u_div/CryTmp[4][8] (net)
                                 1     0.83 
  c/rem_49_I16/U5/A1 (OR2X1_HVT)                  0.02       0.00 +     0.61 f
  c/rem_49_I16/U5/Y (OR2X1_HVT)                   0.07       0.06 +     0.67 f
  c/rem_49_I16/n1 (net)          8    10.99 
  c/rem_49_I16/U123/A2 (XOR2X1_HVT)               0.07       0.00 +     0.67 f
  c/rem_49_I16/U123/Y (XOR2X1_HVT)                0.04       0.06 +     0.73 f
  c/rem_49_I16/u_div/PartRem[4][1] (net)
                                 3     2.52 
  c/rem_49_I16/U12/A2 (AND2X1_HVT)                0.04       0.00 +     0.73 f
  c/rem_49_I16/U12/Y (AND2X1_HVT)                 0.05       0.03 +     0.76 f
  c/rem_49_I16/u_div/CryTmp[3][2] (net)
                                 2     2.06 
  c/rem_49_I16/U24/A1 (AND2X1_HVT)                0.05       0.00 +     0.76 f
  c/rem_49_I16/U24/Y (AND2X1_HVT)                 0.02       0.03 +     0.79 f
  c/rem_49_I16/u_div/CryTmp[3][3] (net)
                                 2     1.92 
  c/rem_49_I16/U36/A1 (AND2X1_HVT)                0.02       0.00 +     0.79 f
  c/rem_49_I16/U36/Y (AND2X1_HVT)                 0.02       0.03 +     0.82 f
  c/rem_49_I16/u_div/CryTmp[3][4] (net)
                                 2     2.05 
  c/rem_49_I16/U48/A1 (AND2X1_HVT)                0.02       0.00 +     0.82 f
  c/rem_49_I16/U48/Y (AND2X1_HVT)                 0.02       0.03 +     0.85 f
  c/rem_49_I16/u_div/CryTmp[3][5] (net)
                                 2     1.91 
  c/rem_49_I16/U60/A1 (AND2X1_HVT)                0.02       0.00 +     0.85 f
  c/rem_49_I16/U60/Y (AND2X1_HVT)                 0.02       0.03 +     0.88 f
  c/rem_49_I16/u_div/CryTmp[3][6] (net)
                                 2     2.08 
  c/rem_49_I16/U72/A1 (AND2X1_HVT)                0.02       0.00 +     0.88 f
  c/rem_49_I16/U72/Y (AND2X1_HVT)                 0.02       0.03 +     0.90 f
  c/rem_49_I16/u_div/CryTmp[3][7] (net)
                                 2     1.95 
  c/rem_49_I16/U1/A1 (AO21X1_HVT)                 0.02       0.00 +     0.90 f
  c/rem_49_I16/U1/Y (AO21X1_HVT)                  0.07       0.07 +     0.97 f
  c/rem_49_I16/n2 (net)          8    11.01 
  c/rem_49_I16/U127/A2 (XOR2X1_HVT)               0.07       0.00 +     0.97 f
  c/rem_49_I16/U127/Y (XOR2X1_HVT)                0.06       0.06 +     1.03 f
  c/rem_49_I16/u_div/PartRem[3][1] (net)
                                 3     2.58 
  c/rem_49_I16/U10/A2 (AND2X1_HVT)                0.06       0.00 +     1.03 f
  c/rem_49_I16/U10/Y (AND2X1_HVT)                 0.05       0.04 +     1.06 f
  c/rem_49_I16/u_div/CryTmp[2][2] (net)
                                 2     2.13 
  c/rem_49_I16/U22/A1 (AND2X1_HVT)                0.05       0.00 +     1.06 f
  c/rem_49_I16/U22/Y (AND2X1_HVT)                 0.02       0.03 +     1.10 f
  c/rem_49_I16/u_div/CryTmp[2][3] (net)
                                 2     2.23 
  c/rem_49_I16/U34/A1 (AND2X1_HVT)                0.02       0.00 +     1.10 f
  c/rem_49_I16/U34/Y (AND2X1_HVT)                 0.02       0.03 +     1.13 f
  c/rem_49_I16/u_div/CryTmp[2][4] (net)
                                 2     1.99 
  c/rem_49_I16/U46/A1 (AND2X1_HVT)                0.02       0.00 +     1.13 f
  c/rem_49_I16/U46/Y (AND2X1_HVT)                 0.02       0.03 +     1.15 f
  c/rem_49_I16/u_div/CryTmp[2][5] (net)
                                 2     2.00 
  c/rem_49_I16/U58/A1 (AND2X1_HVT)                0.02       0.00 +     1.15 f
  c/rem_49_I16/U58/Y (AND2X1_HVT)                 0.02       0.03 +     1.18 f
  c/rem_49_I16/u_div/CryTmp[2][6] (net)
                                 2     2.07 
  c/rem_49_I16/U70/A1 (AND2X1_HVT)                0.02       0.00 +     1.18 f
  c/rem_49_I16/U70/Y (AND2X1_HVT)                 0.02       0.03 +     1.21 f
  c/rem_49_I16/u_div/CryTmp[2][7] (net)
                                 2     2.01 
  c/rem_49_I16/U2/A1 (AO21X1_HVT)                 0.02       0.00 +     1.21 f
  c/rem_49_I16/U2/Y (AO21X1_HVT)                  0.07       0.07 +     1.27 f
  c/rem_49_I16/n3 (net)          8    11.26 
  c/rem_49_I16/U130/A2 (XOR2X1_HVT)               0.07       0.00 +     1.27 f
  c/rem_49_I16/U130/Y (XOR2X1_HVT)                0.06       0.06 +     1.34 f
  c/rem_49_I16/u_div/PartRem[2][1] (net)
                                 3     3.41 
  c/rem_49_I16/U8/A2 (AND2X1_HVT)                 0.06       0.00 +     1.34 f
  c/rem_49_I16/U8/Y (AND2X1_HVT)                  0.05       0.04 +     1.38 f
  c/rem_49_I16/u_div/CryTmp[1][2] (net)
                                 2     2.67 
  c/rem_49_I16/U20/A1 (AND2X1_HVT)                0.05       0.00 +     1.38 f
  c/rem_49_I16/U20/Y (AND2X1_HVT)                 0.02       0.03 +     1.41 f
  c/rem_49_I16/u_div/CryTmp[1][3] (net)
                                 2     2.00 
  c/rem_49_I16/U32/A1 (AND2X1_HVT)                0.02       0.00 +     1.41 f
  c/rem_49_I16/U32/Y (AND2X1_HVT)                 0.02       0.03 +     1.44 f
  c/rem_49_I16/u_div/CryTmp[1][4] (net)
                                 2     2.18 
  c/rem_49_I16/U44/A1 (AND2X1_HVT)                0.02       0.00 +     1.44 f
  c/rem_49_I16/U44/Y (AND2X1_HVT)                 0.02       0.03 +     1.47 f
  c/rem_49_I16/u_div/CryTmp[1][5] (net)
                                 2     2.04 
  c/rem_49_I16/U56/A1 (AND2X1_HVT)                0.02       0.00 +     1.47 f
  c/rem_49_I16/U56/Y (AND2X1_HVT)                 0.02       0.03 +     1.49 f
  c/rem_49_I16/u_div/CryTmp[1][6] (net)
                                 2     2.13 
  c/rem_49_I16/U68/A1 (AND2X1_HVT)                0.02       0.00 +     1.49 f
  c/rem_49_I16/U68/Y (AND2X1_HVT)                 0.02       0.03 +     1.52 f
  c/rem_49_I16/u_div/CryTmp[1][7] (net)
                                 2     2.00 
  c/rem_49_I16/U3/A1 (AO21X1_HVT)                 0.02       0.00 +     1.52 f
  c/rem_49_I16/U3/Y (AO21X1_HVT)                  0.07       0.07 +     1.59 f
  c/rem_49_I16/n4 (net)          8    11.35 
  c/rem_49_I16/U132/A2 (XOR2X1_HVT)               0.07       0.00 +     1.59 f
  c/rem_49_I16/U132/Y (XOR2X1_HVT)                0.06       0.06 +     1.65 f
  c/rem_49_I16/u_div/PartRem[1][1] (net)
                                 3     2.81 
  c/rem_49_I16/U6/A2 (AND2X1_HVT)                 0.06       0.00 +     1.65 f
  c/rem_49_I16/U6/Y (AND2X1_HVT)                  0.05       0.04 +     1.68 f
  c/rem_49_I16/u_div/CryTmp[0][2] (net)
                                 2     2.17 
  c/rem_49_I16/U18/A1 (AND2X1_HVT)                0.05       0.00 +     1.68 f
  c/rem_49_I16/U18/Y (AND2X1_HVT)                 0.02       0.03 +     1.72 f
  c/rem_49_I16/u_div/CryTmp[0][3] (net)
                                 2     2.26 
  c/rem_49_I16/U30/A1 (AND2X1_HVT)                0.02       0.00 +     1.72 f
  c/rem_49_I16/U30/Y (AND2X1_HVT)                 0.02       0.03 +     1.75 f
  c/rem_49_I16/u_div/CryTmp[0][4] (net)
                                 2     2.30 
  c/rem_49_I16/U42/A1 (AND2X1_HVT)                0.02       0.00 +     1.75 f
  c/rem_49_I16/U42/Y (AND2X1_HVT)                 0.02       0.03 +     1.78 f
  c/rem_49_I16/u_div/CryTmp[0][5] (net)
                                 2     2.11 
  c/rem_49_I16/U54/A1 (AND2X1_HVT)                0.02       0.00 +     1.78 f
  c/rem_49_I16/U54/Y (AND2X1_HVT)                 0.02       0.03 +     1.80 f
  c/rem_49_I16/u_div/CryTmp[0][6] (net)
                                 2     2.13 
  c/rem_49_I16/U66/A1 (AND2X1_HVT)                0.02       0.00 +     1.80 f
  c/rem_49_I16/U66/Y (AND2X1_HVT)                 0.02       0.03 +     1.83 f
  c/rem_49_I16/u_div/CryTmp[0][7] (net)
                                 2     2.12 
  c/rem_49_I16/U4/A1 (AO21X1_HVT)                 0.02       0.00 +     1.83 f
  c/rem_49_I16/U4/Y (AO21X1_HVT)                  0.07       0.07 +     1.90 f
  c/rem_49_I16/n5 (net)          8    11.45 
  c/rem_49_I16/U101/S0 (MUX21X1_HVT)              0.07       0.00 +     1.90 f
  c/rem_49_I16/U101/Y (MUX21X1_HVT)               0.03       0.04 +     1.94 r
  c/rem_49_I16/remainder[7] (net)
                                 1     1.01 
  c/U5/A1 (NOR4X1_HVT)                            0.03       0.00 +     1.94 r
  c/U5/Y (NOR4X1_HVT)                             0.02       0.06 +     2.00 f
  c/n131 (net)                   1     1.16 
  c/U29/A2 (AND2X1_HVT)                           0.02       0.00 +     2.00 f
  c/U29/Y (AND2X1_HVT)                            0.27       0.19 +     2.19 f
  c/pflag (net)                 40    45.45 
  comparator1/U119/A (NBUFFX2_HVT)                0.27       0.00 +     2.19 f
  comparator1/U119/Y (NBUFFX2_HVT)                0.10       0.08 +     2.28 f
  comparator1/n54 (net)         25    22.97 
  comparator1/U120/A (INVX1_HVT)                  0.10       0.00 +     2.28 f
  comparator1/U120/Y (INVX1_HVT)                  0.10       0.09 +     2.36 r
  comparator1/n55 (net)         24    20.65 
  comparator1/U14/A2 (AO22X1_HVT)                 0.10       0.00 +     2.36 r
  comparator1/U14/Y (AO22X1_HVT)                  0.03       0.05 +     2.42 r
  comparator1/n296 (net)         1     1.25 
  comparator1/tempPEout_reg[41]/D (DFFX1_HVT)     0.03       0.00 +     2.42 r
  data arrival time                                                     2.42

  clock ideal_clock1 (rise edge)                  0.00       3.85       3.85
  clock network delay (ideal)                                0.00       3.85
  clock reconvergence pessimism                              0.00       3.85
  comparator1/tempPEout_reg[41]/CLK (DFFX1_HVT)                         3.85 r
  library setup time                                        -0.02       3.82
  data required time                                                    3.82
  -----------------------------------------------------------------------------
  data required time                                                    3.82
  data arrival time                                                    -2.42
  -----------------------------------------------------------------------------
  slack (MET)                                                           1.41


1
