 
****************************************
  Report : Chip Summary
  Design : topmodule
  Version: I-2013.12-ICC-SP3
  Date   : Mon Dec 19 21:26:36 2016
****************************************
Std cell utilization: 60.73%  (32096/(52854-0))
(Non-fixed + Fixed)
Std cell utilization: 60.73%  (32096/(52854-0))
(Non-fixed only)
Chip area:            52854    sites, bbox (5.00 5.00 121.43 120.37) um
Std cell area:        32096    sites, (non-fixed:32096  fixed:0)
                      2358     cells, (non-fixed:2358   fixed:0)
Macro cell area:      0        sites
                      0        cells
Placement blockages:  0        sites, (excluding fixed std cells)
                      0        sites, (include fixed std cells & chimney area)
                      0        sites, (complete p/g net blockages)
Routing blockages:    0        sites, (partial p/g net blockages)
                      0        sites, (routing blockages and signal pre-route)
Lib cell count:       34 
Avg. std cell width:  1.91 um 
Site array:           unit     (width: 0.152 um, height: 1.672 um, rows: 69)
Physical DB scale:    1000 db_unit = 1 um 

 
****************************************
  Report : pnet options
  Design : topmodule
  Version: I-2013.12-ICC-SP3
  Date   : Mon Dec 19 21:26:36 2016
****************************************


--------------------------------------------------------------------
Layer      Blockage   Min_width   Min_height   Via_additive     Density
--------------------------------------------------------------------
M1         none          ---         ---       via additive      ---
M2         none          ---         ---       via additive      ---
M3         none          ---         ---       via additive      ---
M4         none          ---         ---       via additive      ---
M5         none          ---         ---       via additive      ---
M6         none          ---         ---       via additive      ---
M7         none          ---         ---       via additive      ---
M8         none          ---         ---       via additive      ---
M9         none          ---         ---       via additive      ---
MRDL       none          ---         ---       via additive      ---

**********************************
      Sub-Region Utilization      
**********************************
Number of regions with placement utilization 0 - 0.125 is 0 (0.00%)
Number of regions with placement utilization 0.125 - 0.25 is 0 (0.00%)
Number of regions with placement utilization 0.25 - 0.375 is 0 (0.00%)
Number of regions with placement utilization 0.375 - 0.5 is 0 (0.00%)
Number of regions with placement utilization 0.5 - 0.625 is 127 (64.80%)
Number of regions with placement utilization 0.625 - 0.75 is 69 (35.20%)
Number of regions with placement utilization 0.75 - 0.875 is 0 (0.00%)
Number of regions with placement utilization 0.875 - 1 is 0 (0.00%)
1
